{
  "stats": {
    "suites": 1,
    "tests": 1,
    "passes": 0,
    "pending": 0,
    "failures": 1,
    "start": "2026-03-11T13:30:48.479Z",
    "end": "2026-03-11T13:30:49.163Z",
    "duration": 684,
    "testsRegistered": 1,
    "passPercent": 0,
    "pendingPercent": 0,
    "other": 0,
    "hasOther": false,
    "skipped": 0,
    "hasSkipped": false
  },
  "results": [
    {
      "uuid": "7526e4c1-e833-4cf4-80f9-9c5a16ab1126",
      "title": "",
      "fullFile": "cypress\\e2e\\loginError.cy.js",
      "file": "cypress\\e2e\\loginError.cy.js",
      "beforeHooks": [],
      "afterHooks": [],
      "tests": [],
      "suites": [
        {
          "uuid": "f6ba06ad-bb27-45c8-95f2-ca1674030c10",
          "title": "Login inválido",
          "fullFile": "",
          "file": "",
          "beforeHooks": [],
          "afterHooks": [],
          "tests": [
            {
              "title": "Debe mostrar error con credenciales incorrectas",
              "fullTitle": "Login inválido Debe mostrar error con credenciales incorrectas",
              "timedOut": null,
              "duration": 596,
              "state": "failed",
              "speed": null,
              "pass": false,
              "fail": true,
              "pending": false,
              "context": null,
              "code": "const login = new _loginPage.default();\nlogin.visit();\nlogin.login(\"standard_user\", \"password_incorrecto\");\ncy.get(\".error-message-container\").should(\"be.visible\");",
              "err": {
                "message": "TypeError: login.login is not a function",
                "estack": "TypeError: login.login is not a function\n    at Context.eval (webpack://sauce-automation/./cypress/e2e/loginError.cy.js:10:10)\n    at runnable.fn (http://localhost:64905/__cypress/runner/cypress_runner.js:146599:19)\n    at callFn (http://localhost:64905/__cypress/runner/cypress_runner.js:165733:21)\n    at Runnable.run (http://localhost:64905/__cypress/runner/cypress_runner.js:165720:7)\n    at <unknown> (http://localhost:64905/__cypress/runner/cypress_runner.js:171818:30)\n    at PassThroughHandlerContext.finallyHandler (http://localhost:64905/__cypress/runner/cypress_runner.js:4042:23)\n    at PassThroughHandlerContext.tryCatcher (http://localhost:64905/__cypress/runner/cypress_runner.js:1777:23)\n    at Promise._settlePromiseFromHandler (http://localhost:64905/__cypress/runner/cypress_runner.js:1489:31)\n    at Promise._settlePromise (http://localhost:64905/__cypress/runner/cypress_runner.js:1546:18)",
                "diff": null
              },
              "uuid": "ac735c8c-dfdd-47f4-afc6-c6f783321ef6",
              "parentUUID": "f6ba06ad-bb27-45c8-95f2-ca1674030c10",
              "isHook": false,
              "skipped": false
            }
          ],
          "suites": [],
          "passes": [],
          "failures": [
            "ac735c8c-dfdd-47f4-afc6-c6f783321ef6"
          ],
          "pending": [],
          "skipped": [],
          "duration": 596,
          "root": false,
          "rootEmpty": false,
          "_timeout": 2000
        }
      ],
      "passes": [],
      "failures": [],
      "pending": [],
      "skipped": [],
      "duration": 0,
      "root": true,
      "rootEmpty": true,
      "_timeout": 2000
    }
  ],
  "meta": {
    "mocha": {
      "version": "7.2.0"
    },
    "mochawesome": {
      "options": {
        "quiet": false,
        "reportFilename": "mochawesome",
        "saveHtml": true,
        "saveJson": true,
        "consoleReporter": "spec",
        "useInlineDiffs": false,
        "code": true
      },
      "version": "7.1.4"
    },
    "marge": {
      "options": {
        "reportDir": "cypress/reports",
        "overwrite": false,
        "html": true,
        "json": true
      },
      "version": "6.3.2"
    }
  }
}